#
# A fatal error has been detected by the Java Runtime Environment:
#
#  EXCEPTION_ACCESS_VIOLATION (0xc0000005) at pc=0x00000000, pid=3268, tid=4044
#
# JRE version: 7.0_07-b11
# Java VM: Java HotSpot(TM) Client VM (23.3-b01 mixed mode windows-x86 )
# Problematic frame:
# C  0x00000000
#
# Failed to write core dump. Minidumps are not enabled by default on client versions of Windows
#
# If you would like to submit a bug report, please visit:
#   http://bugreport.sun.com/bugreport/crash.jsp
#

---------------  T H R E A D  ---------------

Current thread (0x02b2a400):  JavaThread "main" [_thread_in_Java, id=4044, stack(0x02b30000,0x3af30000)]

siginfo: ExceptionCode=0xc0000005, ExceptionInformation=0x00000008 0x00000000

Registers:
EAX=0x04000000, EBX=0x4cf3dcf0, ECX=0x3cf30da0, EDX=0x0c800001
ESP=0x3af2eff0, EBP=0x3af2f018, ESI=0x3af2eff4, EDI=0x3af2f01c
EIP=0x00000000, EFLAGS=0x00010216

Top of Stack: (sp=0x3af2eff0)
0x3af2eff0:   3af3353b 3cf30da0 3af2eff8 4cf480c3
0x3af2f000:   3af2f01c 4cfa0490 00000000 4cf48100
0x3af2f010:   3af2eff4 3af2f020 3af2f030 3af303d7
0x3af2f020:   00001f80 3af30372 02b2a400 4cf48100
0x3af2f030:   3af2f0ac 6ffca39a 3af2f064 3af2f138
0x3af2f040:   0000000a 4cf48100 3af398c0 3af2f144
0x3af2f050:   00000000 02b2a400 4cf48100 02b2a400
0x3af2f060:   02b2a400 02b2a400 01228c48 4cf48100 

Instructions: (pc=0x00000000)
0xffffffe0:   


Register to memory mapping:

EAX=0x04000000 is pointing into the stack for thread: 0x02b2a400
EBX=0x4cf3dcf0 is an oop
{method} 
 - klass: {other class}
ECX=0x3cf30da0 is an oop
java.lang.Class 
 - klass: 'java/lang/Class'
EDX=0x0c800001 is pointing into the stack for thread: 0x02b2a400
ESP=0x3af2eff0 is pointing into the stack for thread: 0x02b2a400
EBP=0x3af2f018 is pointing into the stack for thread: 0x02b2a400
ESI=0x3af2eff4 is pointing into the stack for thread: 0x02b2a400
EDI=0x3af2f01c is pointing into the stack for thread: 0x02b2a400


Stack: [0x02b30000,0x3af30000],  sp=0x3af2eff0,  free space=921595k

---------------  P R O C E S S  ---------------

Java Threads: ( => current thread )
=>0x02b2a400 JavaThread "main" [_thread_in_Java, id=4044, stack(0x02b30000,0x3af30000)]

Other Threads:
  0x01228000 VMThread [stack: 0x52d30000,0x52d80000] [id=1636]

VM state:not at safepoint (normal execution)

VM Mutex/Monitor currently owned by a thread: None

Heap
 def new generation   total 4928K, used 88K [0x3cf30000, 0x3d480000, 0x42480000)
  eden space 4416K,   2% used [0x3cf30000, 0x3cf461b8, 0x3d380000)
  from space 512K,   0% used [0x3d380000, 0x3d380000, 0x3d400000)
  to   space 512K,   0% used [0x3d400000, 0x3d400000, 0x3d480000)
 tenured generation   total 10944K, used 0K [0x42480000, 0x42f30000, 0x4cf30000)
   the space 10944K,   0% used [0x42480000, 0x42480000, 0x42480200, 0x42f30000)
 compacting perm gen  total 12288K, used 531K [0x4cf30000, 0x4db30000, 0x50f30000)
   the space 12288K,   4% used [0x4cf30000, 0x4cfb4d20, 0x4cfb4e00, 0x4db30000)
No shared spaces configured.

Card table byte_map: [0x02a10000,0x02ac0000] byte_map_base: 0x02828680

Polling page: 0x00ec0000

Code Cache  [0x3af30000, 0x3af78000, 0x3cf30000)
 total_blobs=41 nmethods=0 adapters=18 free_code_cache=32498Kb largest_free_block=33278592

Compilation events (0 events):
No events

GC Heap History (0 events):
No events

Deoptimization events (0 events):
No events

Internal exceptions (0 events):
No events

Events (10 events):
Event: 0.017 loading class 0x011655d8 done
Event: 0.017 loading class 0x01145858 done
Event: 0.017 loading class 0x011fb9c8
Event: 0.017 loading class 0x011fb9c8 done
Event: 0.017 loading class 0x011fa168
Event: 0.018 loading class 0x011fa168 done
Event: 0.018 loading class 0x01202360
Event: 0.018 loading class 0x01202360 done
Event: 0.018 loading class 0x01205140
Event: 0.018 loading class 0x01205140 done


Dynamic libraries:
0x01280000 - 0x012af000 	C:\Program Files (x86)\Java\jdk1.7.0_07\bin\java.exe
0x77510000 - 0x77667000 	C:\WINDOWS\SYSTEM32\ntdll.dll
0x75820000 - 0x75950000 	C:\WINDOWS\SYSTEM32\KERNEL32.DLL
0x771a0000 - 0x77246000 	C:\WINDOWS\SYSTEM32\KERNELBASE.dll
0x6f4f0000 - 0x6f597000 	C:\WINDOWS\system32\apphelp.dll
0x752f0000 - 0x7539e000 	C:\WINDOWS\SYSTEM32\ADVAPI32.dll
0x74cb0000 - 0x74dc6000 	C:\WINDOWS\SYSTEM32\USER32.dll
0x720e0000 - 0x722d8000 	C:\WINDOWS\WinSxS\x86_microsoft.windows.common-controls_6595b64144ccf1df_6.0.9200.16579_none_8937eec6860750f5\COMCTL32.dll
0x74b70000 - 0x74c21000 	C:\WINDOWS\SYSTEM32\msvcrt.dll
0x76f90000 - 0x76fc4000 	C:\WINDOWS\SYSTEM32\sechost.dll
0x753a0000 - 0x7544c000 	C:\WINDOWS\SYSTEM32\RPCRT4.dll
0x76b50000 - 0x76c4d000 	C:\WINDOWS\SYSTEM32\GDI32.dll
0x74b50000 - 0x74b6c000 	C:\WINDOWS\SYSTEM32\SspiCli.dll
0x74b40000 - 0x74b49000 	C:\WINDOWS\SYSTEM32\CRYPTBASE.dll
0x74ae0000 - 0x74b31000 	C:\WINDOWS\SYSTEM32\bcryptPrimitives.dll
0x76f70000 - 0x76f90000 	C:\WINDOWS\system32\IMM32.DLL
0x75450000 - 0x7552d000 	C:\WINDOWS\SYSTEM32\MSCTF.dll
0x70450000 - 0x7050e000 	C:\Program Files (x86)\Java\jdk1.7.0_07\jre\bin\msvcr100.dll
0x6fea0000 - 0x701ec000 	C:\Program Files (x86)\Java\jdk1.7.0_07\jre\bin\client\jvm.dll
0x74560000 - 0x74568000 	C:\WINDOWS\SYSTEM32\WSOCK32.dll
0x74410000 - 0x74431000 	C:\WINDOWS\SYSTEM32\WINMM.dll
0x75070000 - 0x75076000 	C:\WINDOWS\SYSTEM32\PSAPI.DLL
0x74de0000 - 0x74e30000 	C:\WINDOWS\SYSTEM32\WS2_32.dll
0x743a0000 - 0x743ca000 	C:\WINDOWS\SYSTEM32\WINMMBASE.dll
0x75a30000 - 0x75a38000 	C:\WINDOWS\SYSTEM32\NSI.dll
0x71210000 - 0x7121c000 	C:\Program Files (x86)\Java\jdk1.7.0_07\jre\bin\verify.dll
0x711f0000 - 0x71210000 	C:\Program Files (x86)\Java\jdk1.7.0_07\jre\bin\java.dll
0x70a10000 - 0x70a23000 	C:\Program Files (x86)\Java\jdk1.7.0_07\jre\bin\zip.dll
0x701f0000 - 0x70319000 	C:\WINDOWS\SYSTEM32\dbghelp.dll

VM Arguments:
jvm_args: -Dfile.encoding=UTF-8 -Xss900M 
java_command: Teste.TesteLista
Launcher Type: SUN_STANDARD

Environment Variables:
PATH=C:\Program Files (x86)\AMD APP\bin\x86_64;C:\WINDOWS\system32;C:\WINDOWS;C:\WINDOWS\System32\Wbem;C:\WINDOWS\System32\WindowsPowerShell\v1.0\;C:\Program Files (x86)\ATI Technologies\ATI.ACE\Core-Static;C:\Program Files (x86)\GNU\GnuPG\pub
USERNAME=Bruno
OS=Windows_NT
PROCESSOR_IDENTIFIER=Intel64 Family 6 Model 42 Stepping 7, GenuineIntel



---------------  S Y S T E M  ---------------

OS: Windows 8 , 64 bit Build 9200 

CPU:total 8 (4 cores per cpu, 2 threads per core) family 6 model 42 stepping 7, cmov, cx8, fxsr, mmx, sse, sse2, sse3, ssse3, sse4.1, sse4.2, popcnt, avx, ht, tsc, tscinvbit

Memory: 4k page, physical 8370028k(6015408k free), swap 9615212k(6896916k free)

vm_info: Java HotSpot(TM) Client VM (23.3-b01) for windows-x86 JRE (1.7.0_07-b11), built on Sep  7 2012 01:40:56 by "java_re" with unknown MS VC++:1600

time: Sun Jun 09 15:01:59 2013
elapsed time: 0 seconds

